<?xml version="1.0" encoding="UTF-8"?>
<!-- Generated by org.testng.reporters.JUnitReportReporter -->
<testsuite hostname="chavi" failures="0" tests="1" name="testcases.HomePageTest" time="5.801" errors="0" timestamp="2024-07-28T22:17:11 IST" skipped="0">
  <testcase classname="testcases.HomePageTest" name="TC03_SomeName" time="5.801"/>
</testsuite> <!-- testcases.HomePageTest -->
