<?xml version="1.0" encoding="UTF-8"?>
<!-- Generated by org.testng.reporters.JUnitReportReporter -->
<testsuite hostname="chavi" failures="0" tests="2" name="testcases.LoginTest" time="21.952" errors="0" timestamp="2024-10-06T20:42:25 IST" skipped="0">
  <testcase classname="testcases.LoginTest" name="TC02_LoginSuccessTest" time="12.688"/>
  <testcase classname="testcases.LoginTest" name="TC01_LoginFailure" time="9.264"/>
</testsuite> <!-- testcases.LoginTest -->
