<?xml version="1.0" encoding="UTF-8"?>
<!-- Generated by org.testng.reporters.JUnitReportReporter -->
<testsuite hostname="chavi" failures="0" tests="5" name="testcases.LoginTest" time="60.926" errors="0" timestamp="2024-08-04T20:46:00 IST" skipped="0">
  <testcase classname="testcases.LoginTest" name="TC02_LoginSuccessTest" time="11.042"/>
  <testcase classname="testcases.LoginTest" name="TC04_LoginSuccessTest" time="12.451"/>
  <testcase classname="testcases.LoginTest" name="TC04_LoginSuccessTest" time="13.060"/>
  <testcase classname="testcases.LoginTest" name="TC01_LoginFailure" time="12.278"/>
  <testcase classname="testcases.LoginTest" name="TC04_LoginSuccessTest" time="12.095"/>
</testsuite> <!-- testcases.LoginTest -->
