<?xml version="1.0" encoding="UTF-8"?>
<!-- Generated by org.testng.reporters.JUnitReportReporter -->
<testsuite hostname="chavi" failures="0" tests="2" name="testcases.LoginTest" time="25.157" errors="0" timestamp="2024-10-19T22:11:16 IST" skipped="0">
  <testcase classname="testcases.LoginTest" name="TC01_LoginFailure" time="12.267"/>
  <testcase classname="testcases.LoginTest" name="TC02_LoginSuccessTest" time="12.890"/>
</testsuite> <!-- testcases.LoginTest -->
