<?xml version="1.0" encoding="UTF-8"?>
<!-- Generated by org.testng.reporters.JUnitReportReporter -->
<testsuite hostname="chavi" failures="0" tests="5" name="testcases.LoginTest" time="55.709" errors="0" timestamp="2024-10-06T19:23:49 IST" skipped="0">
  <testcase classname="testcases.LoginTest" name="TC02_LoginSuccessTest" time="12.243"/>
  <testcase classname="testcases.LoginTest" name="TC01_LoginFailure" time="10.797"/>
  <testcase classname="testcases.LoginTest" name="TC04_LoginSuccessTest" time="10.720"/>
  <testcase classname="testcases.LoginTest" name="TC04_LoginSuccessTest" time="10.903"/>
  <testcase classname="testcases.LoginTest" name="TC04_LoginSuccessTest" time="11.046"/>
</testsuite> <!-- testcases.LoginTest -->
