<?xml version="1.0" encoding="UTF-8"?>
<!-- Generated by org.testng.reporters.JUnitReportReporter -->
<testsuite hostname="chavi" failures="0" tests="1" name="testcases.HomePageTest" time="4.645" errors="0" timestamp="2024-10-06T19:23:49 IST" skipped="0">
  <testcase classname="testcases.HomePageTest" name="TC03_SomeName" time="4.645"/>
</testsuite> <!-- testcases.HomePageTest -->
